0 info it worked if it ends with ok
1 verbose cli [ 'C:\\Users\\julka\\Desktop\\projekt_na_ship_it_day\\bboard-ui\\build\\node\\node-v6.8.0-windows-x64\\bin\\node.exe',
1 verbose cli   'C:\\Users\\julka\\Desktop\\projekt_na_ship_it_day\\bboard-ui\\build\\node\\node-v6.8.0-linux-x86\\lib\\node_modules\\npm\\bin\\npm-cli.js',
1 verbose cli   'run',
1 verbose cli   'build' ]
2 info using npm@3.10.8
3 info using node@v6.8.0
4 verbose run-script [ 'prebuild', 'build', 'postbuild' ]
5 info lifecycle bboard-ui@0.0.0~prebuild: bboard-ui@0.0.0
6 silly lifecycle bboard-ui@0.0.0~prebuild: no script for prebuild, continuing
7 info lifecycle bboard-ui@0.0.0~build: bboard-ui@0.0.0
8 verbose lifecycle bboard-ui@0.0.0~build: unsafe-perm in lifecycle true
9 verbose lifecycle bboard-ui@0.0.0~build: PATH: C:\Users\julka\Desktop\projekt_na_ship_it_day\bboard-ui\build\node\node-v6.8.0-linux-x86\lib\node_modules\npm\bin\node-gyp-bin;C:\Users\julka\Desktop\projekt_na_ship_it_day\bboard-ui\node_modules\.bin;C:\Users\julka\Desktop\projekt_na_ship_it_day\bboard-ui\build\node\node-v6.8.0-windows-x64\bin;C:\Users\julka\bin;C:\Program Files\Git\mingw64\bin;C:\Program Files\Git\usr\local\bin;C:\Program Files\Git\usr\bin;C:\Program Files\Git\usr\bin;C:\Program Files\Git\mingw64\bin;C:\Program Files\Git\usr\bin;C:\Users\julka\bin;C:\Program Files (x86)\Common Files\Oracle\Java\javapath;C:\Program Files (x86)\Razer Chroma SDK\bin;C:\Program Files\Razer Chroma SDK\bin;C:\ProgramData\Oracle\Java\javapath;C:\Program Files (x86)\Intel\iCLS Client;C:\Program Files\Intel\iCLS Client;C:\Windows\system32;C:\Windows;C:\Windows\System32\Wbem;C:\Windows\System32\WindowsPowerShell\v1.0;C:\Program Files\Intel\Intel(R) Management Engine Components\DAL;C:\Program Files\Intel\Intel(R) Management Engine Components\IPT;C:\Program Files (x86)\Intel\Intel(R) Management Engine Components\DAL;C:\Program Files (x86)\Intel\Intel(R) Management Engine Components\IPT;C:\Program Files (x86)\NVIDIA Corporation\PhysX\Common;C:\Program Files\Git\cmd;C:\HashiCorp\Vagrant\bin;C:\Gradle\gradle-4.9-all\gradle-4.9\bin;C:\Program Files\Java\jdk-1.8.0_181\bin;C:\groovy\groovy-2.5.1\bin;C:\Program Files\Oracle\VirtualBox;C:\Program Files\nodejs;C:\Users\julka\AppData\Roaming\npm;C:\Users\julka\AppData\Local\Programs\Microsoft VS Code\bin;C:\Program Files\Git\usr\bin\vendor_perl;C:\Program Files\Git\usr\bin\core_perl
10 verbose lifecycle bboard-ui@0.0.0~build: CWD: C:\Users\julka\Desktop\projekt_na_ship_it_day\bboard-ui
11 silly lifecycle bboard-ui@0.0.0~build: Args: [ '/d /s /c', 'ng build' ]
12 silly lifecycle bboard-ui@0.0.0~build: Returned: code: 3  signal: null
13 info lifecycle bboard-ui@0.0.0~build: Failed to exec build script
14 verbose stack Error: bboard-ui@0.0.0 build: `ng build`
14 verbose stack Exit status 3
14 verbose stack     at EventEmitter.<anonymous> (C:\Users\julka\Desktop\projekt_na_ship_it_day\bboard-ui\build\node\node-v6.8.0-linux-x86\lib\node_modules\npm\lib\utils\lifecycle.js:255:16)
14 verbose stack     at emitTwo (events.js:106:13)
14 verbose stack     at EventEmitter.emit (events.js:191:7)
14 verbose stack     at ChildProcess.<anonymous> (C:\Users\julka\Desktop\projekt_na_ship_it_day\bboard-ui\build\node\node-v6.8.0-linux-x86\lib\node_modules\npm\lib\utils\spawn.js:40:14)
14 verbose stack     at emitTwo (events.js:106:13)
14 verbose stack     at ChildProcess.emit (events.js:191:7)
14 verbose stack     at maybeClose (internal/child_process.js:877:16)
14 verbose stack     at Process.ChildProcess._handle.onexit (internal/child_process.js:226:5)
15 verbose pkgid bboard-ui@0.0.0
16 verbose cwd C:\Users\julka\Desktop\projekt_na_ship_it_day\bboard-ui
17 error Windows_NT 6.3.9600
18 error argv "C:\\Users\\julka\\Desktop\\projekt_na_ship_it_day\\bboard-ui\\build\\node\\node-v6.8.0-windows-x64\\bin\\node.exe" "C:\\Users\\julka\\Desktop\\projekt_na_ship_it_day\\bboard-ui\\build\\node\\node-v6.8.0-linux-x86\\lib\\node_modules\\npm\\bin\\npm-cli.js" "run" "build"
19 error node v6.8.0
20 error npm  v3.10.8
21 error code ELIFECYCLE
22 error bboard-ui@0.0.0 build: `ng build`
22 error Exit status 3
23 error Failed at the bboard-ui@0.0.0 build script 'ng build'.
23 error Make sure you have the latest version of node.js and npm installed.
23 error If you do, this is most likely a problem with the bboard-ui package,
23 error not with npm itself.
23 error Tell the author that this fails on your system:
23 error     ng build
23 error You can get information on how to open an issue for this project with:
23 error     npm bugs bboard-ui
23 error Or if that isn't available, you can get their info via:
23 error     npm owner ls bboard-ui
23 error There is likely additional logging output above.
24 verbose exit [ 1, true ]
